[25Oct2024 00:01:16.947] [Server thread/INFO] [net.minecraft.server.MinecraftServer/]: Lvpvss died
[25Oct2024 00:01:25.346] [Server thread/INFO] [net.minecraft.server.MinecraftServer/]: Lvpvss died
[25Oct2024 00:02:06.702] [Server thread/INFO] [net.minecraft.server.MinecraftServer/]: L4TT3R14 was slain by Dread Thrall
[25Oct2024 00:02:10.845] [Server thread/INFO] [net.minecraft.server.MinecraftServer/]: Lvpvss died
[25Oct2024 00:02:11.854] [Server thread/INFO] [net.minecraft.server.MinecraftServer/]: L4TT3R14 was slain by Dread Thrall
[25Oct2024 00:02:17.449] [Server thread/INFO] [net.minecraft.server.MinecraftServer/]: Lvpvss was not rescued in time
[25Oct2024 00:02:28.775] [Server thread/INFO] [net.minecraft.server.MinecraftServer/]: [Lvpvss: Teleported Lvpvss to L4TT3R14]
[25Oct2024 00:02:43.656] [Server thread/INFO] [net.minecraft.server.MinecraftServer/]: L4TT3R14 died
[25Oct2024 00:02:48.745] [Server thread/INFO] [net.minecraft.server.MinecraftServer/]: L4TT3R14 died
[25Oct2024 00:02:55.552] [Server thread/INFO] [net.minecraft.server.MinecraftServer/]: L4TT3R14 was not rescued in time
[25Oct2024 00:03:05.203] [Server thread/INFO] [net.minecraft.server.network.ServerGamePacketListenerImpl/]: L4TT3R14 lost connection: Disconnected
[25Oct2024 00:03:05.204] [Server thread/INFO] [net.minecraft.server.MinecraftServer/]: L4TT3R14 left the game
[25Oct2024 00:03:05.204] [Server thread/INFO] [com.alrex.parcool.ParCool/]: Limitation of a72c94b1-df99-4df9-a3db-998020745311 was unloaded
[25Oct2024 00:03:14.350] [Server thread/INFO] [net.minecraft.server.network.ServerGamePacketListenerImpl/]: Lvpvss lost connection: Disconnected
[25Oct2024 00:03:14.351] [Server thread/INFO] [net.minecraft.server.MinecraftServer/]: Lvpvss left the game
[25Oct2024 00:03:14.351] [Server thread/INFO] [com.alrex.parcool.ParCool/]: Limitation of 791753db-d7de-4bfc-8696-127bf4332777 was unloaded
[25Oct2024 00:03:31.584] [Server thread/INFO] [net.minecraft.server.MinecraftServer/]: Stopping the server
[25Oct2024 00:03:31.632] [Server thread/INFO] [net.minecraft.server.MinecraftServer/]: Stopping server
[25Oct2024 00:03:31.633] [Server thread/INFO] [net.minecraft.server.MinecraftServer/]: Saving players
[25Oct2024 00:03:31.633] [Server thread/INFO] [net.minecraft.server.MinecraftServer/]: Saving worlds
[25Oct2024 00:03:31.635] [Physics thread/INFO] [Burger Factory/]: Deleting VSPhysicsPipelineStage resources!
[25Oct2024 00:03:31.636] [Physics thread/WARN] [org.valkyrienskies.core.impl.shadow.Ap/]: Physics pipeline ending
[25Oct2024 00:03:31.665] [DefaultDispatcher-worker-3/INFO] [Burger Factory/]: VSPhysicsPipelineStage is fully deleted!
[25Oct2024 00:03:31.796] [Server thread/INFO] [net.minecraft.server.MinecraftServer/]: Saving chunks for level 'ServerLevel[world]'/minecraft:overworld
[25Oct2024 00:03:35.002] [Server thread/INFO] [net.minecraft.server.MinecraftServer/]: Saving chunks for level 'ServerLevel[world]'/graveyard:past
[25Oct2024 00:03:35.003] [Server thread/INFO] [net.minecraft.server.MinecraftServer/]: Saving chunks for level 'ServerLevel[world]'/minecraft:the_end
[25Oct2024 00:03:35.003] [Server thread/INFO] [net.minecraft.server.MinecraftServer/]: Saving chunks for level 'ServerLevel[world]'/minecraft:the_nether
[25Oct2024 00:03:35.004] [Server thread/INFO] [net.minecraft.server.MinecraftServer/]: Saving chunks for level 'ServerLevel[world]'/deeperdarker:otherside
[25Oct2024 00:03:35.321] [Server thread/INFO] [net.minecraft.server.MinecraftServer/]: ThreadedAnvilChunkStorage (world): All chunks are saved
[25Oct2024 00:03:35.322] [Server thread/INFO] [net.minecraft.server.MinecraftServer/]: ThreadedAnvilChunkStorage (past): All chunks are saved
[25Oct2024 00:03:35.322] [Server thread/INFO] [net.minecraft.server.MinecraftServer/]: ThreadedAnvilChunkStorage (DIM1): All chunks are saved
[25Oct2024 00:03:35.322] [Server thread/INFO] [net.minecraft.server.MinecraftServer/]: ThreadedAnvilChunkStorage (DIM-1): All chunks are saved
[25Oct2024 00:03:35.322] [Server thread/INFO] [net.minecraft.server.MinecraftServer/]: ThreadedAnvilChunkStorage (otherside): All chunks are saved
[25Oct2024 00:03:35.322] [Server thread/INFO] [net.minecraft.server.MinecraftServer/]: ThreadedAnvilChunkStorage: All dimensions are saved
